proguard/seeds.txt
com.whyun.bluetooth.MainActivity
com.whyun.bluetooth.HandleNativeAcitity
com.whyun.bluetooth.HandleWebActivity
...
net.youmi.android.AdView
net.youmi.android.AdView
net.youmi.android.AdView: AdView(android.content.Context,android.util.AttributeSet)
net.youmi.android.AdView
net.youmi.android.AdView: AdView(android.content.Context,android.util.AttributeSet,int)
net.youmi.android.AdActivity
net.youmi.android.AdYMActivity