proguard/mapping.txt
com.whyun.bluetooth.HandleNativeAcitity -> com.whyun.bluetooth.HandleNativeAcitity:
    android.widget.ImageView btnUp -> b
    android.widget.ImageView btnDown -> c
    android.widget.ImageView btnLeft -> d
    android.widget.ImageView btnRight -> e
    android.widget.ImageView btnX -> f
    android.widget.ImageView btnY -> g
    android.widget.ImageView btnA -> h
    android.widget.ImageView btnB -> i
    android.widget.ImageView btnStart -> j
    android.widget.ImageView btnSelect -> k
    void onCreate(android.os.Bundle) -> onCreate
com.whyun.bluetooth.HandleWebActivity -> com.whyun.bluetooth.HandleWebActivity:
    android.webkit.WebView browser -> b
    float width -> c
    float height -> d
    com.whyun.bluetooth.ServerSocketThread serverThread -> e
    void onCreate(android.os.Bundle) -> onCreate
    void onDestroy() -> onDestroy
com.whyun.bluetooth.HandleWebActivity$1 -> com.whyun.bluetooth.f:
    com.whyun.bluetooth.HandleWebActivity this$0 -> a
    boolean shouldOverrideUrlLoading(android.webkit.WebView,java.lang.String) -> shouldOverrideUrlLoading
com.whyun.bluetooth.HandleWebActivity$HandleJsInterface -> com.whyun.bluetooth.b:
    com.whyun.bluetooth.HandleWebActivity this$0 -> a
com.whyun.bluetooth.HandleWebActivity$MyWebChromeClient -> com.whyun.bluetooth.h:
    com.whyun.bluetooth.HandleWebActivity this$0 -> a
    boolean onJsAlert(android.webkit.WebView,java.lang.String,java.lang.String,android.webkit.JsResult) -> onJsAlert
com.whyun.bluetooth.MainActivity -> com.whyun.bluetooth.MainActivity:
    android.bluetooth.BluetoothAdapter btAdapt -> b
    android.widget.ImageView img -> c
    com.whyun.bluetooth.ServerSocketThread threadSocket -> d
    com.whyun.bluetooth.ServerBlueTooth server -> e
    android.app.ProgressDialog prgd -> f
    com.whyun.message.key.HandleKeys keySet -> g
    android.os.Handler myHandler -> h
    void toastShow(java.lang.String) -> a
    void onCreate(android.os.Bundle) -> onCreate
    void onActivityResult(int,int,android.content.Intent) -> onActivityResult
    void onDestroy() -> onDestroy
    boolean onCreateOptionsMenu(android.view.Menu) -> onCreateOptionsMenu
    boolean onOptionsItemSelected(android.view.MenuItem) -> onOptionsItemSelected
    android.app.ProgressDialog access$0(com.whyun.bluetooth.MainActivity) -> a
    void access$1(com.whyun.bluetooth.MainActivity,java.lang.String) -> a
    android.widget.ImageView access$2(com.whyun.bluetooth.MainActivity) -> b
    com.whyun.bluetooth.ServerSocketThread access$3(com.whyun.bluetooth.MainActivity) -> c
    com.whyun.bluetooth.ServerBlueTooth access$4(com.whyun.bluetooth.MainActivity) -> d
com.whyun.bluetooth.MainActivity$1 -> com.whyun.bluetooth.e:
    com.whyun.bluetooth.MainActivity this$0 -> a
    void handleMessage(android.os.Message) -> handleMessage
com.whyun.bluetooth.MainActivity$2 -> com.whyun.bluetooth.a:
    com.whyun.bluetooth.MainActivity this$0 -> a
    void onCancel(android.content.DialogInterface) -> onCancel
com.whyun.bluetooth.MainActivity$ClickEvent -> com.whyun.bluetooth.c:
    com.whyun.bluetooth.MainActivity this$0 -> a
    void onClick(android.view.View) -> onClick
com.whyun.bluetooth.ServerBlueTooth -> com.whyun.bluetooth.d:
    boolean done -> b
    android.bluetooth.BluetoothServerSocket serverSocket -> c
    android.bluetooth.BluetoothSocket socket -> d
    android.os.Handler pHandler -> e
    void run() -> run
    void stopServer() -> a
    void send2Activity(int) -> a
com.whyun.bluetooth.ServerSocketThread -> com.whyun.bluetooth.g:
    boolean socketInitialized -> b
    com.whyun.bluetooth.ServerSocketThread instance -> c
    android.bluetooth.BluetoothSocket socket -> d
    java.io.OutputStream os -> e
    java.io.InputStream is -> f
    com.whyun.message.key.HandleKeys keySet -> g
    com.whyun.bluetooth.ServerSocketThread getInstance() -> a
    void initSocket(android.bluetooth.BluetoothSocket) -> a
    void run() -> run
    void sendMsg(java.lang.String,byte) -> a
    void close() -> b
...
net.youmi.android.cg -> net.youmi.android.ct:
    net.youmi.android.av a -> a
    void onReceivedTitle(android.webkit.WebView,java.lang.String) -> onReceivedTitle
    void onProgressChanged(android.webkit.WebView,int) -> onProgressChanged
net.youmi.android.ch -> net.youmi.android.dj:
    java.lang.String a -> a
    java.lang.String b -> b
    java.io.File c -> c
    long d -> d
    java.lang.String e -> e
    java.lang.String toString() -> toString
net.youmi.android.ci -> net.youmi.android.du:
    net.youmi.android.av a -> a
    void onDownloadStart(java.lang.String,java.lang.String,java.lang.String,java.lang.String,long) -> onDownloadStart
net.youmi.android.cj -> net.youmi.android.do:
    net.youmi.android.av a -> a
    boolean shouldOverrideUrlLoading(android.webkit.WebView,java.lang.String) -> shouldOverrideUrlLoading
net.youmi.android.cl -> net.youmi.android.r:
    android.app.Activity a -> a
    net.youmi.android.bz b -> d
    boolean c -> e
    boolean d -> f
    net.youmi.android.dk e -> g
    java.util.ArrayList f -> b
    java.util.ArrayList g -> c
    android.widget.ExpandableListView h -> h
    net.youmi.android.ex i -> i
    void onWindowFocusChanged(boolean) -> onWindowFocusChanged
    void onDetachedFromWindow() -> onDetachedFromWindow
net.youmi.android.cm -> net.youmi.android.eo:
    net.youmi.android.ap a -> a
    void onClick(android.view.View) -> onClick
net.youmi.android.cn -> net.youmi.android.eq:
    char[] c -> a
    char d -> b
    char e -> c
    char f -> d
    char g -> e
    char h -> f
    char i -> g
    char[] j -> h
    char[] a -> i
    char[] b -> j
    int[] k -> k
    java.lang.String a(java.lang.String) -> a
    java.lang.String b(java.lang.String) -> b
    java.lang.String a(byte[]) -> a
    java.lang.String c(java.lang.String) -> c
    java.lang.String a(byte[],java.lang.String) -> a
    java.lang.String a$47921032() -> a
    java.lang.String b(byte[]) -> b
net.youmi.android.co -> net.youmi.android.ep:
    byte[] a -> a
    int b -> b
    int c -> c
    int d -> d
    int e -> e
    int f -> f
    int g -> g
    int h -> h
    int i -> i
    int j -> j
    int k -> k
    int l -> l
    int m -> m
    int n -> n
    int o -> o
    java.util.Vector p -> p
    int q -> q
    int[] r -> r
    int s -> s
    int[] t -> t
    byte[] u -> u
    int[] v -> v
    byte[] w -> w
    short[] x -> x
    byte[] y -> y
    byte[] z -> z
    void a(java.io.InputStream) -> a
    void g() -> d
    void a(int,int) -> a
    void h() -> e
    int c() -> a
    android.graphics.Bitmap e() -> b
    int f() -> c
    byte[] a(net.youmi.android.co) -> a
    int b(net.youmi.android.co) -> b
    void a(net.youmi.android.co,int) -> a
    int c(net.youmi.android.co) -> c
    byte[] d(net.youmi.android.co) -> d
    void a(net.youmi.android.co,byte[]) -> a
    short[] e(net.youmi.android.co) -> e
    byte[] f(net.youmi.android.co) -> f
    byte[] g(net.youmi.android.co) -> g
    byte[] h(net.youmi.android.co) -> h
net.youmi.android.cp -> net.youmi.android.ei:
    android.content.Context a -> a
    java.util.ArrayList b -> b
    int c -> c
    net.youmi.android.cp a(android.content.Context,java.lang.String[],int) -> a
    int getCount() -> getCount
    java.lang.Object getItem(int) -> getItem
    net.youmi.android.aq a(int) -> a
    long getItemId(int) -> getItemId
    android.view.View getView(int,android.view.View,android.view.ViewGroup) -> getView
net.youmi.android.cq -> net.youmi.android.dm:
    java.lang.String a -> a
    java.lang.String b -> b
    int c -> c