proguard/usage.txt
com.whyun.bluetooth.HandleNativeAcitity:
    40:41:private void toastShow(java.lang.String)
com.whyun.bluetooth.HandleWebActivity:
    private static final java.lang.String LOG_TAG
    21:21:static float access$0(com.whyun.bluetooth.HandleWebActivity)
    22:22:static float access$1(com.whyun.bluetooth.HandleWebActivity)
    23:23:static com.whyun.bluetooth.ServerSocketThread access$2(com.whyun.bluetooth.HandleWebActivity)
com.whyun.bluetooth.HandleWebActivity$HandleJsInterface:
    85:85:public float getWidth()
    88:88:public float getHeight()
    91:94:public java.lang.String press(java.lang.String)
    97:100:public java.lang.String release(java.lang.String)
com.whyun.bluetooth.MainActivity:
    private static final java.lang.String TAG
    private static final int HANDLE_ID
    private static final int PPT_ID
    private static final int PLAYER_ID
    private static final int DONATE_ID
    private static final int EXIT_ID
com.whyun.bluetooth.R
com.whyun.bluetooth.R$attr
com.whyun.bluetooth.R$drawable
com.whyun.bluetooth.R$id
com.whyun.bluetooth.R$layout
com.whyun.bluetooth.R$string
com.whyun.bluetooth.R$styleable
com.whyun.bluetooth.ServerBlueTooth:
    64:64:public android.bluetooth.BluetoothSocket getSocket()
...
com.whyun.IBlueToothConst:
    public static final java.lang.String uuidString
    public static final boolean isDebug
    public static final int CONNECTED
    public static final int FAILED
    public static final java.lang.String serverSign
    public static final java.lang.String clientConnectResponse
    public static final byte sendServerSign
    public static final byte sendKey
    public static final byte handleKeySet
    public static final byte pptKeySet
    public static final byte playerKeySet
    public static final java.lang.String upBtn
    public static final java.lang.String downBtn
    public static final java.lang.String leftBtn
    public static final java.lang.String rightBtn
    public static final java.lang.String selectGunBtn
    public static final java.lang.String dropGunBtn
    public static final java.lang.String other1Btn
    public static final java.lang.String fireBtn
    public static final java.lang.String jumpBtn
    public static final java.lang.String other2Btn
    public static final java.lang.String selectBtn
    public static final java.lang.String startBtn
    public static final byte toPress
    public static final byte toRelease
    public static final byte toPreassRelease
com.whyun.message.AbstractMessage:
    22:22:public byte getTotalLen()
com.whyun.message.KeyCommunication:
    private static final java.lang.String TAG
com.whyun.message.key.HandleKeys:
    83:83:public java.util.Map getKeys()
    103:104:public void setKeys(java.util.Map)
net.youmi.android.AdManager:
    public static void disableUpdateApp()
    public static void setDonotClearWebViewCache()
net.youmi.android.AdView:
    public AdView(android.app.Activity,int,int,int)
    void a(android.app.Activity,int,int,int)
    public void setAdViewListener(net.youmi.android.AdViewListener)
    public void refreshAd()
    void e()
    void f()
net.youmi.android.ce
net.youmi.android.ck
net.youmi.android.dz
net.youmi.android.eo:
    static void f()
    static void g()
net.youmi.android.ev
net.youmi.android.ew
net.youmi.android.ey